<?xml version="1.0" encoding="UTF-8"?>
<testng-results ignored="0" total="1" passed="1" failed="0" skipped="0">
  <reporter-output>
    <line>
      <![CDATA[create customer]]>
    </line>
  </reporter-output>
  <suite started-at="2023-08-03T17:44:52 IST" name="Default suite" finished-at="2023-08-03T17:44:52 IST" duration-ms="75">
    <groups>
    </groups>
    <test started-at="2023-08-03T17:44:52 IST" name="Default test" finished-at="2023-08-03T17:44:52 IST" duration-ms="75">
      <class name="com.actitime.testscript.CustomerModule">
        <test-method signature="CreateCustomer()[pri:0, instance:com.actitime.testscript.CustomerModule@57a3af25]" started-at="2023-08-03T17:44:52 IST" name="CreateCustomer" finished-at="2023-08-03T17:44:52 IST" duration-ms="16" status="PASS">
          <reporter-output>
            <line>
              <![CDATA[create customer]]>
            </line>
          </reporter-output>
        </test-method> <!-- CreateCustomer -->
      </class> <!-- com.actitime.testscript.CustomerModule -->
    </test> <!-- Default test -->
  </suite> <!-- Default suite -->
</testng-results>
