<?xml version="1.0" encoding="UTF-8"?>
<testng-results ignored="0" total="1" passed="1" failed="0" skipped="0">
  <reporter-output>
    <line>
      <![CDATA[create customer]]>
    </line>
  </reporter-output>
  <suite started-at="2023-08-03T17:45:08 IST" name="Suite" finished-at="2023-08-03T17:45:08 IST" duration-ms="65">
    <groups>
    </groups>
    <test started-at="2023-08-03T17:45:08 IST" name="Test" finished-at="2023-08-03T17:45:08 IST" duration-ms="65">
      <class name="com.actitime.testscript.CustomerModule">
        <test-method signature="CreateCustomer()[pri:0, instance:com.actitime.testscript.CustomerModule@45b9a632]" started-at="2023-08-03T17:45:08 IST" name="CreateCustomer" finished-at="2023-08-03T17:45:08 IST" duration-ms="8" status="PASS">
          <reporter-output>
            <line>
              <![CDATA[create customer]]>
            </line>
          </reporter-output>
        </test-method> <!-- CreateCustomer -->
      </class> <!-- com.actitime.testscript.CustomerModule -->
    </test> <!-- Test -->
  </suite> <!-- Suite -->
</testng-results>
